2023-03-18 16:22:03.476  INFO 18396 --- [restartedMain] tn.spring.bilelproject.Application      : Starting Application using Java 1.8.0_362 on DESKTOP-J6NTM77 with PID 18396 (C:\Users\bilel\Downloads\Compressed\SpringBoot\target\classes started by bilel in C:\Users\bilel\Downloads\Compressed\SpringBoot)
2023-03-18 16:22:03.477  INFO 18396 --- [restartedMain] tn.spring.bilelproject.Application      : No active profile set, falling back to 1 default profile: "default"
2023-03-18 16:22:03.525  INFO 18396 --- [restartedMain] .e.DevToolsPropertyDefaultsPostProcessor : Devtools property defaults active! Set 'spring.devtools.add-properties' to 'false' to disable
2023-03-18 16:22:03.526  INFO 18396 --- [restartedMain] .e.DevToolsPropertyDefaultsPostProcessor : For additional web related logging consider setting the 'logging.level.web' property to 'DEBUG'
2023-03-18 16:22:04.561  INFO 18396 --- [restartedMain] .s.d.r.c.RepositoryConfigurationDelegate : Bootstrapping Spring Data JPA repositories in DEFAULT mode.
2023-03-18 16:22:04.645  INFO 18396 --- [restartedMain] .s.d.r.c.RepositoryConfigurationDelegate : Finished Spring Data repository scanning in 71 ms. Found 6 JPA repository interfaces.
2023-03-18 16:22:05.283  INFO 18396 --- [restartedMain] o.s.b.w.embedded.tomcat.TomcatWebServer  : Tomcat initialized with port(s): 8080 (http)
2023-03-18 16:22:05.293  INFO 18396 --- [restartedMain] o.apache.catalina.core.StandardService   : Starting service [Tomcat]
2023-03-18 16:22:05.293  INFO 18396 --- [restartedMain] org.apache.catalina.core.StandardEngine  : Starting Servlet engine: [Apache Tomcat/9.0.71]
2023-03-18 16:22:05.375  INFO 18396 --- [restartedMain] o.a.c.c.C.[Tomcat].[localhost].[/api]    : Initializing Spring embedded WebApplicationContext
2023-03-18 16:22:05.375  INFO 18396 --- [restartedMain] w.s.c.ServletWebServerApplicationContext : Root WebApplicationContext: initialization completed in 1849 ms
2023-03-18 16:22:05.555  INFO 18396 --- [restartedMain] o.hibernate.jpa.internal.util.LogHelper  : HHH000204: Processing PersistenceUnitInfo [name: default]
2023-03-18 16:22:05.614  INFO 18396 --- [restartedMain] org.hibernate.Version                    : HHH000412: Hibernate ORM core version 5.6.14.Final
2023-03-18 16:22:05.788  INFO 18396 --- [restartedMain] o.hibernate.annotations.common.Version   : HCANN000001: Hibernate Commons Annotations {5.1.2.Final}
2023-03-18 16:22:05.960  INFO 18396 --- [restartedMain] com.zaxxer.hikari.HikariDataSource       : HikariPool-1 - Starting...
2023-03-18 16:22:05.962  WARN 18396 --- [restartedMain] com.zaxxer.hikari.util.DriverDataSource  : Registered driver with driverClassName=com.mysql.jdbc.Driver was not found, trying direct instantiation.
2023-03-18 16:22:06.131  INFO 18396 --- [restartedMain] com.zaxxer.hikari.HikariDataSource       : HikariPool-1 - Start completed.
2023-03-18 16:22:06.144  INFO 18396 --- [restartedMain] org.hibernate.dialect.Dialect            : HHH000400: Using dialect: org.hibernate.dialect.MySQL5InnoDBDialect
2023-03-18 16:22:07.407  INFO 18396 --- [restartedMain] o.h.e.t.j.p.i.JtaPlatformInitiator       : HHH000490: Using JtaPlatform implementation: [org.hibernate.engine.transaction.jta.platform.internal.NoJtaPlatform]
2023-03-18 16:22:07.417  INFO 18396 --- [restartedMain] j.LocalContainerEntityManagerFactoryBean : Initialized JPA EntityManagerFactory for persistence unit 'default'
2023-03-18 16:22:08.140  WARN 18396 --- [restartedMain] JpaBaseConfiguration$JpaWebConfiguration : spring.jpa.open-in-view is enabled by default. Therefore, database queries may be performed during view rendering. Explicitly configure spring.jpa.open-in-view to disable this warning
2023-03-18 16:22:08.877  INFO 18396 --- [restartedMain] o.s.b.d.a.OptionalLiveReloadServer       : LiveReload server is running on port 35729
2023-03-18 16:22:08.917  INFO 18396 --- [restartedMain] o.s.b.w.embedded.tomcat.TomcatWebServer  : Tomcat started on port(s): 8080 (http) with context path '/api'
2023-03-18 16:22:08.929  INFO 18396 --- [restartedMain] tn.spring.bilelproject.Application      : Started Application in 6.038 seconds (JVM running for 7.212)
2023-03-18 16:25:24.487  INFO 18396 --- [http-nio-8080-exec-2] o.a.c.c.C.[Tomcat].[localhost].[/api]    : Initializing Spring DispatcherServlet 'dispatcherServlet'
2023-03-18 16:25:24.488  INFO 18396 --- [http-nio-8080-exec-2] o.s.web.servlet.DispatcherServlet        : Initializing Servlet 'dispatcherServlet'
2023-03-18 16:25:24.489  INFO 18396 --- [http-nio-8080-exec-2] o.s.web.servlet.DispatcherServlet        : Completed initialization in 1 ms
2023-03-18 16:25:25.780  INFO 18396 --- [http-nio-8080-exec-10] o.springdoc.api.AbstractOpenApiResource  : Init duration for springdoc-openapi is: 747 ms
2023-03-18 16:27:20.782  INFO 18396 --- [SpringApplicationShutdownHook] j.LocalContainerEntityManagerFactoryBean : Closing JPA EntityManagerFactory for persistence unit 'default'
2023-03-18 16:27:20.786  INFO 18396 --- [SpringApplicationShutdownHook] com.zaxxer.hikari.HikariDataSource       : HikariPool-1 - Shutdown initiated...
2023-03-18 16:27:20.792  INFO 18396 --- [SpringApplicationShutdownHook] com.zaxxer.hikari.HikariDataSource       : HikariPool-1 - Shutdown completed.
2023-03-18 16:27:27.011  INFO 3424 --- [restartedMain] tn.spring.bilelproject.Application      : Starting Application using Java 1.8.0_362 on DESKTOP-J6NTM77 with PID 3424 (C:\Users\bilel\Downloads\Compressed\SpringBoot\target\classes started by bilel in C:\Users\bilel\Downloads\Compressed\SpringBoot)
2023-03-18 16:27:27.013  INFO 3424 --- [restartedMain] tn.spring.bilelproject.Application      : No active profile set, falling back to 1 default profile: "default"
2023-03-18 16:27:27.069  INFO 3424 --- [restartedMain] .e.DevToolsPropertyDefaultsPostProcessor : Devtools property defaults active! Set 'spring.devtools.add-properties' to 'false' to disable
2023-03-18 16:27:27.070  INFO 3424 --- [restartedMain] .e.DevToolsPropertyDefaultsPostProcessor : For additional web related logging consider setting the 'logging.level.web' property to 'DEBUG'
2023-03-18 16:27:27.875  INFO 3424 --- [restartedMain] .s.d.r.c.RepositoryConfigurationDelegate : Bootstrapping Spring Data JPA repositories in DEFAULT mode.
2023-03-18 16:27:27.953  INFO 3424 --- [restartedMain] .s.d.r.c.RepositoryConfigurationDelegate : Finished Spring Data repository scanning in 69 ms. Found 6 JPA repository interfaces.
2023-03-18 16:27:28.508  INFO 3424 --- [restartedMain] o.s.b.w.embedded.tomcat.TomcatWebServer  : Tomcat initialized with port(s): 8080 (http)
2023-03-18 16:27:28.516  INFO 3424 --- [restartedMain] o.apache.catalina.core.StandardService   : Starting service [Tomcat]
2023-03-18 16:27:28.517  INFO 3424 --- [restartedMain] org.apache.catalina.core.StandardEngine  : Starting Servlet engine: [Apache Tomcat/9.0.71]
2023-03-18 16:27:28.596  INFO 3424 --- [restartedMain] o.a.c.c.C.[Tomcat].[localhost].[/api]    : Initializing Spring embedded WebApplicationContext
2023-03-18 16:27:28.597  INFO 3424 --- [restartedMain] w.s.c.ServletWebServerApplicationContext : Root WebApplicationContext: initialization completed in 1526 ms
2023-03-18 16:27:28.793  INFO 3424 --- [restartedMain] o.hibernate.jpa.internal.util.LogHelper  : HHH000204: Processing PersistenceUnitInfo [name: default]
2023-03-18 16:27:28.842  INFO 3424 --- [restartedMain] org.hibernate.Version                    : HHH000412: Hibernate ORM core version 5.6.14.Final
2023-03-18 16:27:29.005  INFO 3424 --- [restartedMain] o.hibernate.annotations.common.Version   : HCANN000001: Hibernate Commons Annotations {5.1.2.Final}
2023-03-18 16:27:29.136  INFO 3424 --- [restartedMain] com.zaxxer.hikari.HikariDataSource       : HikariPool-1 - Starting...
2023-03-18 16:27:29.138  WARN 3424 --- [restartedMain] com.zaxxer.hikari.util.DriverDataSource  : Registered driver with driverClassName=com.mysql.jdbc.Driver was not found, trying direct instantiation.
2023-03-18 16:27:29.277  INFO 3424 --- [restartedMain] com.zaxxer.hikari.HikariDataSource       : HikariPool-1 - Start completed.
2023-03-18 16:27:29.289  INFO 3424 --- [restartedMain] org.hibernate.dialect.Dialect            : HHH000400: Using dialect: org.hibernate.dialect.MySQL5InnoDBDialect
2023-03-18 16:27:30.093  INFO 3424 --- [restartedMain] o.h.e.t.j.p.i.JtaPlatformInitiator       : HHH000490: Using JtaPlatform implementation: [org.hibernate.engine.transaction.jta.platform.internal.NoJtaPlatform]
2023-03-18 16:27:30.104  INFO 3424 --- [restartedMain] j.LocalContainerEntityManagerFactoryBean : Initialized JPA EntityManagerFactory for persistence unit 'default'
2023-03-18 16:27:30.825  WARN 3424 --- [restartedMain] JpaBaseConfiguration$JpaWebConfiguration : spring.jpa.open-in-view is enabled by default. Therefore, database queries may be performed during view rendering. Explicitly configure spring.jpa.open-in-view to disable this warning
2023-03-18 16:27:31.537  INFO 3424 --- [restartedMain] o.s.b.d.a.OptionalLiveReloadServer       : LiveReload server is running on port 35729
2023-03-18 16:27:31.583  INFO 3424 --- [restartedMain] o.s.b.w.embedded.tomcat.TomcatWebServer  : Tomcat started on port(s): 8080 (http) with context path '/api'
2023-03-18 16:27:31.716  INFO 3424 --- [restartedMain] tn.spring.bilelproject.Application      : Started Application in 5.332 seconds (JVM running for 6.315)
2023-03-18 16:29:35.401  INFO 3424 --- [SpringApplicationShutdownHook] j.LocalContainerEntityManagerFactoryBean : Closing JPA EntityManagerFactory for persistence unit 'default'
2023-03-18 16:29:35.406  INFO 3424 --- [SpringApplicationShutdownHook] com.zaxxer.hikari.HikariDataSource       : HikariPool-1 - Shutdown initiated...
2023-03-18 16:29:35.412  INFO 3424 --- [SpringApplicationShutdownHook] com.zaxxer.hikari.HikariDataSource       : HikariPool-1 - Shutdown completed.
2023-03-18 17:07:36.488  INFO 16836 --- [restartedMain] tn.spring.bilelproject.Application       : Starting Application using Java 1.8.0_362 on DESKTOP-J6NTM77 with PID 16836 (C:\Users\bilel\Downloads\Compressed\SpringBoot\target\classes started by bilel in C:\Users\bilel\Downloads\Compressed\SpringBoot)
2023-03-18 17:07:36.490  INFO 16836 --- [restartedMain] tn.spring.bilelproject.Application       : No active profile set, falling back to 1 default profile: "default"
2023-03-18 17:07:36.543  INFO 16836 --- [restartedMain] .e.DevToolsPropertyDefaultsPostProcessor : Devtools property defaults active! Set 'spring.devtools.add-properties' to 'false' to disable
2023-03-18 17:07:36.544  INFO 16836 --- [restartedMain] .e.DevToolsPropertyDefaultsPostProcessor : For additional web related logging consider setting the 'logging.level.web' property to 'DEBUG'
2023-03-18 17:07:37.519  INFO 16836 --- [restartedMain] .s.d.r.c.RepositoryConfigurationDelegate : Bootstrapping Spring Data JPA repositories in DEFAULT mode.
2023-03-18 17:07:37.600  INFO 16836 --- [restartedMain] .s.d.r.c.RepositoryConfigurationDelegate : Finished Spring Data repository scanning in 71 ms. Found 6 JPA repository interfaces.
2023-03-18 17:07:38.145  INFO 16836 --- [restartedMain] o.s.b.w.embedded.tomcat.TomcatWebServer  : Tomcat initialized with port(s): 8080 (http)
2023-03-18 17:07:38.153  INFO 16836 --- [restartedMain] o.apache.catalina.core.StandardService   : Starting service [Tomcat]
2023-03-18 17:07:38.153  INFO 16836 --- [restartedMain] org.apache.catalina.core.StandardEngine  : Starting Servlet engine: [Apache Tomcat/9.0.71]
2023-03-18 17:07:38.229  INFO 16836 --- [restartedMain] o.a.c.c.C.[Tomcat].[localhost].[/api]    : Initializing Spring embedded WebApplicationContext
2023-03-18 17:07:38.229  INFO 16836 --- [restartedMain] w.s.c.ServletWebServerApplicationContext : Root WebApplicationContext: initialization completed in 1685 ms
2023-03-18 17:07:38.395  INFO 16836 --- [restartedMain] o.hibernate.jpa.internal.util.LogHelper  : HHH000204: Processing PersistenceUnitInfo [name: default]
2023-03-18 17:07:38.441  INFO 16836 --- [restartedMain] org.hibernate.Version                    : HHH000412: Hibernate ORM core version 5.6.14.Final
2023-03-18 17:07:38.588  INFO 16836 --- [restartedMain] o.hibernate.annotations.common.Version   : HCANN000001: Hibernate Commons Annotations {5.1.2.Final}
2023-03-18 17:07:38.730  INFO 16836 --- [restartedMain] com.zaxxer.hikari.HikariDataSource       : HikariPool-1 - Starting...
2023-03-18 17:07:38.732  WARN 16836 --- [restartedMain] com.zaxxer.hikari.util.DriverDataSource  : Registered driver with driverClassName=com.mysql.jdbc.Driver was not found, trying direct instantiation.
2023-03-18 17:07:38.865  INFO 16836 --- [restartedMain] com.zaxxer.hikari.HikariDataSource       : HikariPool-1 - Start completed.
2023-03-18 17:07:38.876  INFO 16836 --- [restartedMain] org.hibernate.dialect.Dialect            : HHH000400: Using dialect: org.hibernate.dialect.MySQL5InnoDBDialect
2023-03-18 17:07:39.623  INFO 16836 --- [restartedMain] o.h.e.t.j.p.i.JtaPlatformInitiator       : HHH000490: Using JtaPlatform implementation: [org.hibernate.engine.transaction.jta.platform.internal.NoJtaPlatform]
2023-03-18 17:07:39.632  INFO 16836 --- [restartedMain] j.LocalContainerEntityManagerFactoryBean : Initialized JPA EntityManagerFactory for persistence unit 'default'
2023-03-18 17:07:40.325  WARN 16836 --- [restartedMain] JpaBaseConfiguration$JpaWebConfiguration : spring.jpa.open-in-view is enabled by default. Therefore, database queries may be performed during view rendering. Explicitly configure spring.jpa.open-in-view to disable this warning
2023-03-18 17:07:41.041  INFO 16836 --- [restartedMain] o.s.b.d.a.OptionalLiveReloadServer       : LiveReload server is running on port 35729
2023-03-18 17:07:41.081  INFO 16836 --- [restartedMain] o.s.b.w.embedded.tomcat.TomcatWebServer  : Tomcat started on port(s): 8080 (http) with context path '/api'
2023-03-18 17:07:41.208  INFO 16836 --- [restartedMain] tn.spring.bilelproject.Application       : Started Application in 5.296 seconds (JVM running for 6.245)
2023-03-18 17:08:15.062  INFO 16836 --- [SpringApplicationShutdownHook] j.LocalContainerEntityManagerFactoryBean : Closing JPA EntityManagerFactory for persistence unit 'default'
2023-03-18 17:08:15.066  INFO 16836 --- [SpringApplicationShutdownHook] com.zaxxer.hikari.HikariDataSource       : HikariPool-1 - Shutdown initiated...
2023-03-18 17:08:15.072  INFO 16836 --- [SpringApplicationShutdownHook] com.zaxxer.hikari.HikariDataSource       : HikariPool-1 - Shutdown completed.
2023-03-18 17:08:53.532  INFO 17904 --- [restartedMain] tn.spring.bilelproject.Application       : Starting Application using Java 1.8.0_362 on DESKTOP-J6NTM77 with PID 17904 (C:\Users\bilel\Downloads\Compressed\SpringBoot\target\classes started by bilel in C:\Users\bilel\Downloads\Compressed\SpringBoot)
2023-03-18 17:08:53.547  INFO 17904 --- [restartedMain] tn.spring.bilelproject.Application       : No active profile set, falling back to 1 default profile: "default"
2023-03-18 17:08:53.618  INFO 17904 --- [restartedMain] .e.DevToolsPropertyDefaultsPostProcessor : Devtools property defaults active! Set 'spring.devtools.add-properties' to 'false' to disable
2023-03-18 17:08:53.619  INFO 17904 --- [restartedMain] .e.DevToolsPropertyDefaultsPostProcessor : For additional web related logging consider setting the 'logging.level.web' property to 'DEBUG'
2023-03-18 17:08:54.411  INFO 17904 --- [restartedMain] .s.d.r.c.RepositoryConfigurationDelegate : Bootstrapping Spring Data JPA repositories in DEFAULT mode.
2023-03-18 17:08:54.484  INFO 17904 --- [restartedMain] .s.d.r.c.RepositoryConfigurationDelegate : Finished Spring Data repository scanning in 65 ms. Found 6 JPA repository interfaces.
2023-03-18 17:08:55.038  INFO 17904 --- [restartedMain] o.s.b.w.embedded.tomcat.TomcatWebServer  : Tomcat initialized with port(s): 8080 (http)
2023-03-18 17:08:55.046  INFO 17904 --- [restartedMain] o.apache.catalina.core.StandardService   : Starting service [Tomcat]
2023-03-18 17:08:55.047  INFO 17904 --- [restartedMain] org.apache.catalina.core.StandardEngine  : Starting Servlet engine: [Apache Tomcat/9.0.71]
2023-03-18 17:08:55.122  INFO 17904 --- [restartedMain] o.a.c.c.C.[Tomcat].[localhost].[/api]    : Initializing Spring embedded WebApplicationContext
2023-03-18 17:08:55.122  INFO 17904 --- [restartedMain] w.s.c.ServletWebServerApplicationContext : Root WebApplicationContext: initialization completed in 1503 ms
2023-03-18 17:08:55.286  INFO 17904 --- [restartedMain] o.hibernate.jpa.internal.util.LogHelper  : HHH000204: Processing PersistenceUnitInfo [name: default]
2023-03-18 17:08:55.328  INFO 17904 --- [restartedMain] org.hibernate.Version                    : HHH000412: Hibernate ORM core version 5.6.14.Final
2023-03-18 17:08:55.472  INFO 17904 --- [restartedMain] o.hibernate.annotations.common.Version   : HCANN000001: Hibernate Commons Annotations {5.1.2.Final}
2023-03-18 17:08:55.621  INFO 17904 --- [restartedMain] com.zaxxer.hikari.HikariDataSource       : HikariPool-1 - Starting...
2023-03-18 17:08:55.623  WARN 17904 --- [restartedMain] com.zaxxer.hikari.util.DriverDataSource  : Registered driver with driverClassName=com.mysql.jdbc.Driver was not found, trying direct instantiation.
2023-03-18 17:08:55.752  INFO 17904 --- [restartedMain] com.zaxxer.hikari.HikariDataSource       : HikariPool-1 - Start completed.
2023-03-18 17:08:55.763  INFO 17904 --- [restartedMain] org.hibernate.dialect.Dialect            : HHH000400: Using dialect: org.hibernate.dialect.MySQL5InnoDBDialect
2023-03-18 17:08:56.528  INFO 17904 --- [restartedMain] o.h.e.t.j.p.i.JtaPlatformInitiator       : HHH000490: Using JtaPlatform implementation: [org.hibernate.engine.transaction.jta.platform.internal.NoJtaPlatform]
2023-03-18 17:08:56.536  INFO 17904 --- [restartedMain] j.LocalContainerEntityManagerFactoryBean : Initialized JPA EntityManagerFactory for persistence unit 'default'
2023-03-18 17:08:57.235  WARN 17904 --- [restartedMain] JpaBaseConfiguration$JpaWebConfiguration : spring.jpa.open-in-view is enabled by default. Therefore, database queries may be performed during view rendering. Explicitly configure spring.jpa.open-in-view to disable this warning
2023-03-18 17:08:57.968  INFO 17904 --- [restartedMain] o.s.b.d.a.OptionalLiveReloadServer       : LiveReload server is running on port 35729
2023-03-18 17:08:58.010  INFO 17904 --- [restartedMain] o.s.b.w.embedded.tomcat.TomcatWebServer  : Tomcat started on port(s): 8080 (http) with context path '/api'
2023-03-18 17:08:58.156  INFO 17904 --- [restartedMain] tn.spring.bilelproject.Application       : Started Application in 5.099 seconds (JVM running for 6.071)
2023-03-18 17:09:24.745  INFO 17904 --- [http-nio-8080-exec-3] o.a.c.c.C.[Tomcat].[localhost].[/api]    : Initializing Spring DispatcherServlet 'dispatcherServlet'
2023-03-18 17:09:24.745  INFO 17904 --- [http-nio-8080-exec-3] o.s.web.servlet.DispatcherServlet        : Initializing Servlet 'dispatcherServlet'
2023-03-18 17:09:24.746  INFO 17904 --- [http-nio-8080-exec-3] o.s.web.servlet.DispatcherServlet        : Completed initialization in 1 ms
2023-03-18 17:09:25.886  INFO 17904 --- [http-nio-8080-exec-2] o.springdoc.api.AbstractOpenApiResource  : Init duration for springdoc-openapi is: 710 ms
2023-03-18 17:09:39.049  INFO 17904 --- [SpringApplicationShutdownHook] j.LocalContainerEntityManagerFactoryBean : Closing JPA EntityManagerFactory for persistence unit 'default'
2023-03-18 17:09:39.052  INFO 17904 --- [SpringApplicationShutdownHook] com.zaxxer.hikari.HikariDataSource       : HikariPool-1 - Shutdown initiated...
2023-03-18 17:09:39.058  INFO 17904 --- [SpringApplicationShutdownHook] com.zaxxer.hikari.HikariDataSource       : HikariPool-1 - Shutdown completed.
2023-03-18 17:11:39.886  INFO 15508 --- [restartedMain] tn.spring.bilelproject.Application       : Starting Application using Java 1.8.0_362 on DESKTOP-J6NTM77 with PID 15508 (C:\Users\bilel\Downloads\Compressed\SpringBoot\target\classes started by bilel in C:\Users\bilel\Downloads\Compressed\SpringBoot)
2023-03-18 17:11:39.887  INFO 15508 --- [restartedMain] tn.spring.bilelproject.Application       : No active profile set, falling back to 1 default profile: "default"
2023-03-18 17:11:39.944  INFO 15508 --- [restartedMain] .e.DevToolsPropertyDefaultsPostProcessor : Devtools property defaults active! Set 'spring.devtools.add-properties' to 'false' to disable
2023-03-18 17:11:39.945  INFO 15508 --- [restartedMain] .e.DevToolsPropertyDefaultsPostProcessor : For additional web related logging consider setting the 'logging.level.web' property to 'DEBUG'
2023-03-18 17:11:40.884  INFO 15508 --- [restartedMain] .s.d.r.c.RepositoryConfigurationDelegate : Bootstrapping Spring Data JPA repositories in DEFAULT mode.
2023-03-18 17:11:40.958  INFO 15508 --- [restartedMain] .s.d.r.c.RepositoryConfigurationDelegate : Finished Spring Data repository scanning in 64 ms. Found 6 JPA repository interfaces.
2023-03-18 17:11:41.498  INFO 15508 --- [restartedMain] o.s.b.w.embedded.tomcat.TomcatWebServer  : Tomcat initialized with port(s): 8080 (http)
2023-03-18 17:11:41.506  INFO 15508 --- [restartedMain] o.apache.catalina.core.StandardService   : Starting service [Tomcat]
2023-03-18 17:11:41.506  INFO 15508 --- [restartedMain] org.apache.catalina.core.StandardEngine  : Starting Servlet engine: [Apache Tomcat/9.0.71]
2023-03-18 17:11:41.583  INFO 15508 --- [restartedMain] o.a.c.c.C.[Tomcat].[localhost].[/api]    : Initializing Spring embedded WebApplicationContext
2023-03-18 17:11:41.583  INFO 15508 --- [restartedMain] w.s.c.ServletWebServerApplicationContext : Root WebApplicationContext: initialization completed in 1637 ms
2023-03-18 17:11:41.754  INFO 15508 --- [restartedMain] o.hibernate.jpa.internal.util.LogHelper  : HHH000204: Processing PersistenceUnitInfo [name: default]
2023-03-18 17:11:41.800  INFO 15508 --- [restartedMain] org.hibernate.Version                    : HHH000412: Hibernate ORM core version 5.6.14.Final
2023-03-18 17:11:41.948  INFO 15508 --- [restartedMain] o.hibernate.annotations.common.Version   : HCANN000001: Hibernate Commons Annotations {5.1.2.Final}
2023-03-18 17:11:42.098  INFO 15508 --- [restartedMain] com.zaxxer.hikari.HikariDataSource       : HikariPool-1 - Starting...
2023-03-18 17:11:42.100  WARN 15508 --- [restartedMain] com.zaxxer.hikari.util.DriverDataSource  : Registered driver with driverClassName=com.mysql.jdbc.Driver was not found, trying direct instantiation.
2023-03-18 17:11:42.238  INFO 15508 --- [restartedMain] com.zaxxer.hikari.HikariDataSource       : HikariPool-1 - Start completed.
2023-03-18 17:11:42.249  INFO 15508 --- [restartedMain] org.hibernate.dialect.Dialect            : HHH000400: Using dialect: org.hibernate.dialect.MySQL5InnoDBDialect
2023-03-18 17:11:43.016  INFO 15508 --- [restartedMain] o.h.e.t.j.p.i.JtaPlatformInitiator       : HHH000490: Using JtaPlatform implementation: [org.hibernate.engine.transaction.jta.platform.internal.NoJtaPlatform]
2023-03-18 17:11:43.024  INFO 15508 --- [restartedMain] j.LocalContainerEntityManagerFactoryBean : Initialized JPA EntityManagerFactory for persistence unit 'default'
2023-03-18 17:11:43.730  WARN 15508 --- [restartedMain] JpaBaseConfiguration$JpaWebConfiguration : spring.jpa.open-in-view is enabled by default. Therefore, database queries may be performed during view rendering. Explicitly configure spring.jpa.open-in-view to disable this warning
2023-03-18 17:11:44.479  INFO 15508 --- [restartedMain] o.s.b.d.a.OptionalLiveReloadServer       : LiveReload server is running on port 35729
2023-03-18 17:11:44.519  INFO 15508 --- [restartedMain] o.s.b.w.embedded.tomcat.TomcatWebServer  : Tomcat started on port(s): 8080 (http) with context path '/api'
2023-03-18 17:11:44.676  INFO 15508 --- [restartedMain] tn.spring.bilelproject.Application       : Started Application in 5.304 seconds (JVM running for 6.195)
2023-03-18 17:12:09.649  INFO 15508 --- [http-nio-8080-exec-1] o.a.c.c.C.[Tomcat].[localhost].[/api]    : Initializing Spring DispatcherServlet 'dispatcherServlet'
2023-03-18 17:12:09.650  INFO 15508 --- [http-nio-8080-exec-1] o.s.web.servlet.DispatcherServlet        : Initializing Servlet 'dispatcherServlet'
2023-03-18 17:12:09.651  INFO 15508 --- [http-nio-8080-exec-1] o.s.web.servlet.DispatcherServlet        : Completed initialization in 1 ms
2023-03-18 17:12:10.622  INFO 15508 --- [http-nio-8080-exec-3] o.springdoc.api.AbstractOpenApiResource  : Init duration for springdoc-openapi is: 705 ms
2023-03-18 17:14:56.215  INFO 15508 --- [SpringApplicationShutdownHook] j.LocalContainerEntityManagerFactoryBean : Closing JPA EntityManagerFactory for persistence unit 'default'
2023-03-18 17:14:56.218  INFO 15508 --- [SpringApplicationShutdownHook] com.zaxxer.hikari.HikariDataSource       : HikariPool-1 - Shutdown initiated...
2023-03-18 17:14:56.225  INFO 15508 --- [SpringApplicationShutdownHook] com.zaxxer.hikari.HikariDataSource       : HikariPool-1 - Shutdown completed.
2023-03-18 17:15:01.577  INFO 13672 --- [restartedMain] tn.spring.bilelproject.Application       : Starting Application using Java 1.8.0_362 on DESKTOP-J6NTM77 with PID 13672 (C:\Users\bilel\Downloads\Compressed\SpringBoot\target\classes started by bilel in C:\Users\bilel\Downloads\Compressed\SpringBoot)
2023-03-18 17:15:01.579  INFO 13672 --- [restartedMain] tn.spring.bilelproject.Application       : No active profile set, falling back to 1 default profile: "default"
2023-03-18 17:15:01.658  INFO 13672 --- [restartedMain] .e.DevToolsPropertyDefaultsPostProcessor : Devtools property defaults active! Set 'spring.devtools.add-properties' to 'false' to disable
2023-03-18 17:15:01.658  INFO 13672 --- [restartedMain] .e.DevToolsPropertyDefaultsPostProcessor : For additional web related logging consider setting the 'logging.level.web' property to 'DEBUG'
2023-03-18 17:15:02.438  INFO 13672 --- [restartedMain] .s.d.r.c.RepositoryConfigurationDelegate : Bootstrapping Spring Data JPA repositories in DEFAULT mode.
2023-03-18 17:15:02.519  INFO 13672 --- [restartedMain] .s.d.r.c.RepositoryConfigurationDelegate : Finished Spring Data repository scanning in 70 ms. Found 6 JPA repository interfaces.
2023-03-18 17:15:03.091  INFO 13672 --- [restartedMain] o.s.b.w.embedded.tomcat.TomcatWebServer  : Tomcat initialized with port(s): 8080 (http)
2023-03-18 17:15:03.100  INFO 13672 --- [restartedMain] o.apache.catalina.core.StandardService   : Starting service [Tomcat]
2023-03-18 17:15:03.100  INFO 13672 --- [restartedMain] org.apache.catalina.core.StandardEngine  : Starting Servlet engine: [Apache Tomcat/9.0.71]
2023-03-18 17:15:03.175  INFO 13672 --- [restartedMain] o.a.c.c.C.[Tomcat].[localhost].[/api]    : Initializing Spring embedded WebApplicationContext
2023-03-18 17:15:03.175  INFO 13672 --- [restartedMain] w.s.c.ServletWebServerApplicationContext : Root WebApplicationContext: initialization completed in 1516 ms
2023-03-18 17:15:03.346  INFO 13672 --- [restartedMain] o.hibernate.jpa.internal.util.LogHelper  : HHH000204: Processing PersistenceUnitInfo [name: default]
2023-03-18 17:15:03.390  INFO 13672 --- [restartedMain] org.hibernate.Version                    : HHH000412: Hibernate ORM core version 5.6.14.Final
2023-03-18 17:15:03.532  INFO 13672 --- [restartedMain] o.hibernate.annotations.common.Version   : HCANN000001: Hibernate Commons Annotations {5.1.2.Final}
2023-03-18 17:15:03.668  INFO 13672 --- [restartedMain] com.zaxxer.hikari.HikariDataSource       : HikariPool-1 - Starting...
2023-03-18 17:15:03.670  WARN 13672 --- [restartedMain] com.zaxxer.hikari.util.DriverDataSource  : Registered driver with driverClassName=com.mysql.jdbc.Driver was not found, trying direct instantiation.
2023-03-18 17:15:03.797  INFO 13672 --- [restartedMain] com.zaxxer.hikari.HikariDataSource       : HikariPool-1 - Start completed.
2023-03-18 17:15:03.808  INFO 13672 --- [restartedMain] org.hibernate.dialect.Dialect            : HHH000400: Using dialect: org.hibernate.dialect.MySQL5InnoDBDialect
2023-03-18 17:15:04.536  INFO 13672 --- [restartedMain] o.h.e.t.j.p.i.JtaPlatformInitiator       : HHH000490: Using JtaPlatform implementation: [org.hibernate.engine.transaction.jta.platform.internal.NoJtaPlatform]
2023-03-18 17:15:04.545  INFO 13672 --- [restartedMain] j.LocalContainerEntityManagerFactoryBean : Initialized JPA EntityManagerFactory for persistence unit 'default'
2023-03-18 17:15:05.236  WARN 13672 --- [restartedMain] JpaBaseConfiguration$JpaWebConfiguration : spring.jpa.open-in-view is enabled by default. Therefore, database queries may be performed during view rendering. Explicitly configure spring.jpa.open-in-view to disable this warning
2023-03-18 17:15:05.973  INFO 13672 --- [restartedMain] o.s.b.d.a.OptionalLiveReloadServer       : LiveReload server is running on port 35729
2023-03-18 17:15:06.012  INFO 13672 --- [restartedMain] o.s.b.w.embedded.tomcat.TomcatWebServer  : Tomcat started on port(s): 8080 (http) with context path '/api'
2023-03-18 17:15:06.154  INFO 13672 --- [restartedMain] tn.spring.bilelproject.Application       : Started Application in 5.041 seconds (JVM running for 6.001)
2023-03-18 17:15:19.764  INFO 13672 --- [http-nio-8080-exec-3] o.a.c.c.C.[Tomcat].[localhost].[/api]    : Initializing Spring DispatcherServlet 'dispatcherServlet'
2023-03-18 17:15:19.765  INFO 13672 --- [http-nio-8080-exec-3] o.s.web.servlet.DispatcherServlet        : Initializing Servlet 'dispatcherServlet'
2023-03-18 17:15:19.766  INFO 13672 --- [http-nio-8080-exec-3] o.s.web.servlet.DispatcherServlet        : Completed initialization in 1 ms
2023-03-18 17:15:20.725  INFO 13672 --- [http-nio-8080-exec-1] o.springdoc.api.AbstractOpenApiResource  : Init duration for springdoc-openapi is: 704 ms
